<?xml version="1.0" encoding="UTF-8"?>
<coverage generated="1682105416848" clover="3.2.0">
  <project timestamp="1682105416848" name="All files">
    <metrics statements="9" coveredstatements="4" conditionals="1" coveredconditionals="1" methods="4" coveredmethods="1" elements="14" coveredelements="6" complexity="0" loc="9" ncloc="9" packages="1" files="2" classes="2"/>
    <file name="TodoForm.js" path="/Users/alyssadunlop/rithm/projects/productiv/src/TodoForm.js">
      <metrics statements="8" coveredstatements="3" conditionals="1" coveredconditionals="1" methods="4" coveredmethods="1"/>
      <line num="15" count="1" type="stmt"/>
      <line num="22" count="5" type="stmt"/>
      <line num="26" count="0" type="stmt"/>
      <line num="27" count="0" type="stmt"/>
      <line num="35" count="0" type="stmt"/>
      <line num="36" count="0" type="stmt"/>
      <line num="37" count="0" type="stmt"/>
      <line num="40" count="5" type="stmt"/>
    </file>
    <file name="_testCommon.js" path="/Users/alyssadunlop/rithm/projects/productiv/src/_testCommon.js">
      <metrics statements="1" coveredstatements="1" conditionals="0" coveredconditionals="0" methods="0" coveredmethods="0"/>
      <line num="1" count="1" type="stmt"/>
    </file>
  </project>
</coverage>
