<?xml version="1.0" encoding="UTF-8"?>
<coverage generated="1682103807940" clover="3.2.0">
  <project timestamp="1682103807940" name="All files">
    <metrics statements="14" coveredstatements="8" conditionals="10" coveredconditionals="7" methods="12" coveredmethods="4" elements="36" coveredelements="19" complexity="0" loc="14" ncloc="14" packages="1" files="4" classes="4"/>
    <file name="Todo.js" path="/Users/alyssadunlop/rithm/projects/productiv/src/Todo.js">
      <metrics statements="1" coveredstatements="1" conditionals="0" coveredconditionals="0" methods="1" coveredmethods="1"/>
      <line num="12" count="35" type="stmt"/>
    </file>
    <file name="TodoApp.js" path="/Users/alyssadunlop/rithm/projects/productiv/src/TodoApp.js">
      <metrics statements="8" coveredstatements="2" conditionals="6" coveredconditionals="3" methods="9" coveredmethods="1"/>
      <line num="20" count="3" type="stmt"/>
      <line num="24" count="0" type="stmt"/>
      <line num="29" count="0" type="stmt"/>
      <line num="34" count="0" type="stmt"/>
      <line num="38" count="0" type="stmt"/>
      <line num="39" count="0" type="cond" truecount="0" falsecount="2"/>
      <line num="45" count="0" type="stmt"/>
      <line num="48" count="3" type="stmt"/>
    </file>
    <file name="TopTodo.js" path="/Users/alyssadunlop/rithm/projects/productiv/src/TopTodo.js">
      <metrics statements="4" coveredstatements="4" conditionals="4" coveredconditionals="4" methods="2" coveredmethods="2"/>
      <line num="14" count="10" type="cond" truecount="2" falsecount="0"/>
      <line num="17" count="8" type="stmt"/>
      <line num="18" count="24" type="cond" truecount="2" falsecount="0"/>
      <line num="22" count="8" type="stmt"/>
    </file>
    <file name="_testCommon.js" path="/Users/alyssadunlop/rithm/projects/productiv/src/_testCommon.js">
      <metrics statements="1" coveredstatements="1" conditionals="0" coveredconditionals="0" methods="0" coveredmethods="0"/>
      <line num="1" count="4" type="stmt"/>
    </file>
  </project>
</coverage>
