{"/Users/alyssadunlop/rithm/projects/productiv/src/Todo.js": {"path":"/Users/alyssadunlop/rithm/projects/productiv/src/Todo.js","statementMap":{"0":{"start":{"line":12,"column":2},"end":{"line":20,"column":4}}},"fnMap":{"0":{"name":"Todo","decl":{"start":{"line":11,"column":9},"end":{"line":11,"column":13}},"loc":{"start":{"line":11,"column":50},"end":{"line":21,"column":1}},"line":11}},"branchMap":{},"s":{"0":35},"f":{"0":35},"b":{},"_coverageSchema":"1a1c01bbd47fc00a2c39e90264f33305004495a9","hash":"f7da3d242d6711c298ab98d1364f5f8c5ec42674"}
,"/Users/alyssadunlop/rithm/projects/productiv/src/TodoApp.js": {"path":"/Users/alyssadunlop/rithm/projects/productiv/src/TodoApp.js","statementMap":{"0":{"start":{"line":20,"column":27},"end":{"line":20,"column":49}},"1":{"start":{"line":24,"column":24},"end":{"line":28,"column":5}},"2":{"start":{"line":29,"column":2},"end":{"line":29,"column":45}},"3":{"start":{"line":29,"column":19},"end":{"line":29,"column":43}},"4":{"start":{"line":34,"column":26},"end":{"line":37,"column":5}},"5":{"start":{"line":38,"column":2},"end":{"line":40,"column":5}},"6":{"start":{"line":38,"column":24},"end":{"line":40,"column":3}},"7":{"start":{"line":39,"column":3},"end":{"line":39,"column":46}},"8":{"start":{"line":45,"column":2},"end":{"line":45,"column":60}},"9":{"start":{"line":45,"column":24},"end":{"line":45,"column":58}},"10":{"start":{"line":45,"column":46},"end":{"line":45,"column":57}},"11":{"start":{"line":48,"column":1},"end":{"line":80,"column":3}}},"fnMap":{"0":{"name":"TodoApp","decl":{"start":{"line":19,"column":9},"end":{"line":19,"column":16}},"loc":{"start":{"line":19,"column":35},"end":{"line":81,"column":1}},"line":19},"1":{"name":"create","decl":{"start":{"line":23,"column":10},"end":{"line":23,"column":16}},"loc":{"start":{"line":23,"column":26},"end":{"line":30,"column":2}},"line":23},"2":{"name":"(anonymous_2)","decl":{"start":{"line":29,"column":11},"end":{"line":29,"column":12}},"loc":{"start":{"line":29,"column":19},"end":{"line":29,"column":43}},"line":29},"3":{"name":"update","decl":{"start":{"line":33,"column":10},"end":{"line":33,"column":16}},"loc":{"start":{"line":33,"column":30},"end":{"line":41,"column":2}},"line":33},"4":{"name":"(anonymous_4)","decl":{"start":{"line":38,"column":11},"end":{"line":38,"column":12}},"loc":{"start":{"line":38,"column":24},"end":{"line":40,"column":3}},"line":38},"5":{"name":"(anonymous_5)","decl":{"start":{"line":38,"column":38},"end":{"line":38,"column":39}},"loc":{"start":{"line":39,"column":3},"end":{"line":39,"column":46}},"line":39},"6":{"name":"remove","decl":{"start":{"line":44,"column":10},"end":{"line":44,"column":16}},"loc":{"start":{"line":44,"column":21},"end":{"line":46,"column":2}},"line":44},"7":{"name":"(anonymous_7)","decl":{"start":{"line":45,"column":11},"end":{"line":45,"column":12}},"loc":{"start":{"line":45,"column":24},"end":{"line":45,"column":58}},"line":45},"8":{"name":"(anonymous_8)","decl":{"start":{"line":45,"column":41},"end":{"line":45,"column":42}},"loc":{"start":{"line":45,"column":46},"end":{"line":45,"column":57}},"line":45}},"branchMap":{"0":{"loc":{"start":{"line":39,"column":3},"end":{"line":39,"column":46}},"type":"cond-expr","locations":[{"start":{"line":39,"column":29},"end":{"line":39,"column":42}},{"start":{"line":39,"column":45},"end":{"line":39,"column":46}}],"line":39},"1":{"loc":{"start":{"line":53,"column":6},"end":{"line":61,"column":68}},"type":"cond-expr","locations":[{"start":{"line":55,"column":14},"end":{"line":59,"column":16}},{"start":{"line":61,"column":14},"end":{"line":61,"column":68}}],"line":53},"2":{"loc":{"start":{"line":66,"column":6},"end":{"line":71,"column":6}},"type":"binary-expr","locations":[{"start":{"line":66,"column":6},"end":{"line":66,"column":22}},{"start":{"line":67,"column":6},"end":{"line":70,"column":16}}],"line":66}},"s":{"0":3,"1":0,"2":0,"3":0,"4":0,"5":0,"6":0,"7":0,"8":0,"9":0,"10":0,"11":3},"f":{"0":3,"1":0,"2":0,"3":0,"4":0,"5":0,"6":0,"7":0,"8":0},"b":{"0":[0,0],"1":[3,0],"2":[3,3]},"_coverageSchema":"1a1c01bbd47fc00a2c39e90264f33305004495a9","hash":"d8a9028b967acb45dd4dc4a1e5d6f12b450bf758"}
,"/Users/alyssadunlop/rithm/projects/productiv/src/TopTodo.js": {"path":"/Users/alyssadunlop/rithm/projects/productiv/src/TopTodo.js","statementMap":{"0":{"start":{"line":14,"column":2},"end":{"line":14,"column":38}},"1":{"start":{"line":14,"column":26},"end":{"line":14,"column":38}},"2":{"start":{"line":17,"column":11},"end":{"line":20,"column":2}},"3":{"start":{"line":18,"column":17},"end":{"line":18,"column":56}},"4":{"start":{"line":22,"column":1},"end":{"line":29,"column":3}}},"fnMap":{"0":{"name":"TopTodo","decl":{"start":{"line":13,"column":9},"end":{"line":13,"column":16}},"loc":{"start":{"line":13,"column":28},"end":{"line":30,"column":1}},"line":13},"1":{"name":"(anonymous_1)","decl":{"start":{"line":18,"column":2},"end":{"line":18,"column":3}},"loc":{"start":{"line":18,"column":17},"end":{"line":18,"column":56}},"line":18}},"branchMap":{"0":{"loc":{"start":{"line":14,"column":2},"end":{"line":14,"column":38}},"type":"if","locations":[{"start":{"line":14,"column":2},"end":{"line":14,"column":38}},{"start":{},"end":{}}],"line":14},"1":{"loc":{"start":{"line":18,"column":17},"end":{"line":18,"column":56}},"type":"cond-expr","locations":[{"start":{"line":18,"column":47},"end":{"line":18,"column":50}},{"start":{"line":18,"column":53},"end":{"line":18,"column":56}}],"line":18}},"s":{"0":10,"1":2,"2":8,"3":24,"4":8},"f":{"0":10,"1":24},"b":{"0":[2,8],"1":[3,21]},"_coverageSchema":"1a1c01bbd47fc00a2c39e90264f33305004495a9","hash":"528b8923c6e518e04a200b742de904ad32474d3d"}
,"/Users/alyssadunlop/rithm/projects/productiv/src/_testCommon.js": {"path":"/Users/alyssadunlop/rithm/projects/productiv/src/_testCommon.js","statementMap":{"0":{"start":{"line":1,"column":19},"end":{"line":18,"column":2}}},"fnMap":{},"branchMap":{},"s":{"0":4},"f":{},"b":{},"_coverageSchema":"1a1c01bbd47fc00a2c39e90264f33305004495a9","hash":"c3c96e696df2a05df69898fa2f528f5220a2bcf4"}
}
