{"/Users/alyssadunlop/rithm/projects/productiv/src/TodoForm.js": {"path":"/Users/alyssadunlop/rithm/projects/productiv/src/TodoForm.js","statementMap":{"0":{"start":{"line":15,"column":17},"end":{"line":19,"column":1}},"1":{"start":{"line":22,"column":33},"end":{"line":22,"column":58}},"2":{"start":{"line":26,"column":26},"end":{"line":26,"column":36}},"3":{"start":{"line":27,"column":2},"end":{"line":30,"column":6}},"4":{"start":{"line":27,"column":24},"end":{"line":30,"column":3}},"5":{"start":{"line":35,"column":2},"end":{"line":35,"column":23}},"6":{"start":{"line":36,"column":2},"end":{"line":36,"column":23}},"7":{"start":{"line":37,"column":2},"end":{"line":37,"column":31}},"8":{"start":{"line":40,"column":1},"end":{"line":91,"column":3}}},"fnMap":{"0":{"name":"TodoForm","decl":{"start":{"line":21,"column":9},"end":{"line":21,"column":17}},"loc":{"start":{"line":21,"column":62},"end":{"line":92,"column":1}},"line":21},"1":{"name":"handleChange","decl":{"start":{"line":25,"column":10},"end":{"line":25,"column":22}},"loc":{"start":{"line":25,"column":28},"end":{"line":31,"column":2}},"line":25},"2":{"name":"(anonymous_2)","decl":{"start":{"line":27,"column":14},"end":{"line":27,"column":15}},"loc":{"start":{"line":27,"column":24},"end":{"line":30,"column":3}},"line":27},"3":{"name":"handleSubmit","decl":{"start":{"line":34,"column":10},"end":{"line":34,"column":22}},"loc":{"start":{"line":34,"column":28},"end":{"line":38,"column":2}},"line":34}},"branchMap":{"0":{"loc":{"start":{"line":21,"column":32},"end":{"line":21,"column":58}},"type":"default-arg","locations":[{"start":{"line":21,"column":50},"end":{"line":21,"column":58}}],"line":21}},"s":{"0":1,"1":5,"2":0,"3":0,"4":0,"5":0,"6":0,"7":0,"8":5},"f":{"0":5,"1":0,"2":0,"3":0},"b":{"0":[3]},"_coverageSchema":"1a1c01bbd47fc00a2c39e90264f33305004495a9","hash":"a7219bd4afff4208a5edbd659248b82e5b72fe45"}
,"/Users/alyssadunlop/rithm/projects/productiv/src/_testCommon.js": {"path":"/Users/alyssadunlop/rithm/projects/productiv/src/_testCommon.js","statementMap":{"0":{"start":{"line":1,"column":19},"end":{"line":18,"column":2}}},"fnMap":{},"branchMap":{},"s":{"0":1},"f":{},"b":{},"_coverageSchema":"1a1c01bbd47fc00a2c39e90264f33305004495a9","hash":"c3c96e696df2a05df69898fa2f528f5220a2bcf4"}
}
