TN:
SF:src/Todo.js
FN:11,Todo
FNF:1
FNH:1
FNDA:35,Todo
DA:12,35
LF:1
LH:1
BRF:0
BRH:0
end_of_record
TN:
SF:src/TodoApp.js
FN:19,TodoApp
FN:23,create
FN:29,(anonymous_2)
FN:33,update
FN:38,(anonymous_4)
FN:38,(anonymous_5)
FN:44,remove
FN:45,(anonymous_7)
FN:45,(anonymous_8)
FNF:9
FNH:1
FNDA:3,TodoApp
FNDA:0,create
FNDA:0,(anonymous_2)
FNDA:0,update
FNDA:0,(anonymous_4)
FNDA:0,(anonymous_5)
FNDA:0,remove
FNDA:0,(anonymous_7)
FNDA:0,(anonymous_8)
DA:20,3
DA:24,0
DA:29,0
DA:34,0
DA:38,0
DA:39,0
DA:45,0
DA:48,3
LF:8
LH:2
BRDA:39,0,0,0
BRDA:39,0,1,0
BRDA:53,1,0,3
BRDA:53,1,1,0
BRDA:66,2,0,3
BRDA:66,2,1,3
BRF:6
BRH:3
end_of_record
TN:
SF:src/TopTodo.js
FN:13,TopTodo
FN:18,(anonymous_1)
FNF:2
FNH:2
FNDA:10,TopTodo
FNDA:24,(anonymous_1)
DA:14,10
DA:17,8
DA:18,24
DA:22,8
LF:4
LH:4
BRDA:14,0,0,2
BRDA:14,0,1,8
BRDA:18,1,0,3
BRDA:18,1,1,21
BRF:4
BRH:4
end_of_record
TN:
SF:src/_testCommon.js
FNF:0
FNH:0
DA:1,4
LF:1
LH:1
BRF:0
BRH:0
end_of_record
